{"/Users/nandanrao/Documents/Relink/rc-p90/lib/actor.spec.js":{"path":"/Users/nandanrao/Documents/Relink/rc-p90/lib/actor.spec.js","s":{"1":1,"2":1,"3":1,"4":1,"5":1,"6":1,"7":1,"8":1,"9":1,"10":1,"11":1,"12":1,"13":1,"14":1,"15":1,"16":1,"17":1,"18":0,"19":0,"20":0,"21":0,"22":0,"23":0,"24":0,"25":0,"26":0,"27":1,"28":1,"29":0,"30":1,"31":0,"32":0,"33":0,"34":0,"35":0,"36":0,"37":0,"38":0,"39":0,"40":0,"41":1,"42":1,"43":0,"44":0,"45":1,"46":0,"47":0,"48":0,"49":0,"50":0,"51":1,"52":0,"53":0,"54":0,"55":0,"56":0,"57":0,"58":0,"59":0,"60":0,"61":0,"62":1,"63":0,"64":0,"65":0,"66":0,"67":0,"68":0,"69":0,"70":0,"71":0,"72":1,"73":0,"74":0,"75":0,"76":0,"77":0,"78":0,"79":0,"80":0,"81":0,"82":0,"83":0,"84":1,"85":1,"86":0,"87":1,"88":0,"89":0,"90":0,"91":0,"92":0,"93":0,"94":0,"95":0,"96":0,"97":0,"98":0,"99":0,"100":0,"101":0,"102":0,"103":1,"104":0,"105":0,"106":0,"107":0,"108":0,"109":0,"110":0,"111":0,"112":1,"113":0,"114":0,"115":0,"116":0,"117":0,"118":0,"119":0},"b":{},"f":{"1":0},"fnMap":{"1":{"name":"(anonymous_1)","line":31,"loc":{"start":{"line":31,"column":20},"end":{"line":31,"column":37}}}},"statementMap":{"1":{"start":{"line":2,"column":0},"end":{"line":2,"column":27}},"2":{"start":{"line":3,"column":0},"end":{"line":3,"column":32}},"3":{"start":{"line":4,"column":0},"end":{"line":4,"column":34}},"4":{"start":{"line":5,"column":0},"end":{"line":5,"column":25}},"5":{"start":{"line":6,"column":0},"end":{"line":6,"column":29}},"6":{"start":{"line":7,"column":0},"end":{"line":7,"column":26}},"7":{"start":{"line":8,"column":0},"end":{"line":8,"column":27}},"8":{"start":{"line":9,"column":0},"end":{"line":9,"column":31}},"9":{"start":{"line":10,"column":0},"end":{"line":10,"column":39}},"10":{"start":{"line":11,"column":0},"end":{"line":11,"column":50}},"11":{"start":{"line":12,"column":0},"end":{"line":12,"column":47}},"12":{"start":{"line":14,"column":0},"end":{"line":14,"column":31}},"13":{"start":{"line":16,"column":0},"end":{"line":18,"column":3}},"14":{"start":{"line":20,"column":0},"end":{"line":202,"column":3}},"15":{"start":{"line":21,"column":2},"end":{"line":21,"column":32}},"16":{"start":{"line":22,"column":2},"end":{"line":22,"column":30}},"17":{"start":{"line":24,"column":2},"end":{"line":40,"column":5}},"18":{"start":{"line":25,"column":4},"end":{"line":25,"column":51}},"19":{"start":{"line":26,"column":4},"end":{"line":26,"column":28}},"20":{"start":{"line":28,"column":4},"end":{"line":28,"column":69}},"21":{"start":{"line":29,"column":4},"end":{"line":29,"column":46}},"22":{"start":{"line":29,"column":34},"end":{"line":29,"column":45}},"23":{"start":{"line":31,"column":4},"end":{"line":36,"column":6}},"24":{"start":{"line":32,"column":6},"end":{"line":35,"column":7}},"25":{"start":{"line":38,"column":4},"end":{"line":38,"column":24}},"26":{"start":{"line":39,"column":4},"end":{"line":39,"column":21}},"27":{"start":{"line":43,"column":2},"end":{"line":68,"column":5}},"28":{"start":{"line":45,"column":4},"end":{"line":47,"column":7}},"29":{"start":{"line":46,"column":6},"end":{"line":46,"column":41}},"30":{"start":{"line":49,"column":4},"end":{"line":67,"column":7}},"31":{"start":{"line":51,"column":6},"end":{"line":51,"column":30}},"32":{"start":{"line":52,"column":6},"end":{"line":52,"column":30}},"33":{"start":{"line":53,"column":6},"end":{"line":53,"column":27}},"34":{"start":{"line":55,"column":6},"end":{"line":60,"column":11}},"35":{"start":{"line":58,"column":10},"end":{"line":58,"column":26}},"36":{"start":{"line":59,"column":10},"end":{"line":59,"column":17}},"37":{"start":{"line":62,"column":6},"end":{"line":66,"column":9}},"38":{"start":{"line":63,"column":8},"end":{"line":63,"column":37}},"39":{"start":{"line":64,"column":8},"end":{"line":64,"column":31}},"40":{"start":{"line":65,"column":8},"end":{"line":65,"column":25}},"41":{"start":{"line":70,"column":2},"end":{"line":144,"column":5}},"42":{"start":{"line":71,"column":4},"end":{"line":77,"column":7}},"43":{"start":{"line":72,"column":6},"end":{"line":72,"column":65}},"44":{"start":{"line":74,"column":6},"end":{"line":76,"column":36}},"45":{"start":{"line":79,"column":4},"end":{"line":88,"column":7}},"46":{"start":{"line":80,"column":6},"end":{"line":80,"column":54}},"47":{"start":{"line":81,"column":6},"end":{"line":81,"column":22}},"48":{"start":{"line":82,"column":6},"end":{"line":87,"column":11}},"49":{"start":{"line":85,"column":10},"end":{"line":85,"column":53}},"50":{"start":{"line":86,"column":10},"end":{"line":86,"column":17}},"51":{"start":{"line":90,"column":4},"end":{"line":106,"column":7}},"52":{"start":{"line":91,"column":6},"end":{"line":91,"column":51}},"53":{"start":{"line":93,"column":6},"end":{"line":93,"column":22}},"54":{"start":{"line":94,"column":6},"end":{"line":94,"column":22}},"55":{"start":{"line":95,"column":6},"end":{"line":95,"column":20}},"56":{"start":{"line":97,"column":6},"end":{"line":105,"column":11}},"57":{"start":{"line":100,"column":10},"end":{"line":100,"column":55}},"58":{"start":{"line":101,"column":10},"end":{"line":101,"column":81}},"59":{"start":{"line":102,"column":10},"end":{"line":102,"column":85}},"60":{"start":{"line":103,"column":10},"end":{"line":103,"column":82}},"61":{"start":{"line":104,"column":10},"end":{"line":104,"column":17}},"62":{"start":{"line":108,"column":4},"end":{"line":123,"column":7}},"63":{"start":{"line":109,"column":6},"end":{"line":109,"column":88}},"64":{"start":{"line":111,"column":6},"end":{"line":111,"column":22}},"65":{"start":{"line":112,"column":6},"end":{"line":112,"column":22}},"66":{"start":{"line":113,"column":6},"end":{"line":113,"column":20}},"67":{"start":{"line":115,"column":6},"end":{"line":122,"column":11}},"68":{"start":{"line":118,"column":10},"end":{"line":118,"column":55}},"69":{"start":{"line":119,"column":10},"end":{"line":119,"column":81}},"70":{"start":{"line":120,"column":10},"end":{"line":120,"column":85}},"71":{"start":{"line":121,"column":10},"end":{"line":121,"column":17}},"72":{"start":{"line":125,"column":4},"end":{"line":143,"column":7}},"73":{"start":{"line":126,"column":6},"end":{"line":126,"column":65}},"74":{"start":{"line":127,"column":6},"end":{"line":127,"column":49}},"75":{"start":{"line":129,"column":6},"end":{"line":129,"column":22}},"76":{"start":{"line":130,"column":6},"end":{"line":130,"column":22}},"77":{"start":{"line":131,"column":6},"end":{"line":131,"column":20}},"78":{"start":{"line":133,"column":6},"end":{"line":133,"column":34}},"79":{"start":{"line":135,"column":6},"end":{"line":142,"column":11}},"80":{"start":{"line":138,"column":10},"end":{"line":138,"column":54}},"81":{"start":{"line":139,"column":10},"end":{"line":139,"column":55}},"82":{"start":{"line":140,"column":10},"end":{"line":140,"column":38}},"83":{"start":{"line":141,"column":10},"end":{"line":141,"column":17}},"84":{"start":{"line":146,"column":2},"end":{"line":201,"column":5}},"85":{"start":{"line":147,"column":4},"end":{"line":149,"column":7}},"86":{"start":{"line":148,"column":6},"end":{"line":148,"column":36}},"87":{"start":{"line":151,"column":4},"end":{"line":174,"column":7}},"88":{"start":{"line":152,"column":6},"end":{"line":152,"column":18}},"89":{"start":{"line":153,"column":6},"end":{"line":155,"column":9}},"90":{"start":{"line":154,"column":8},"end":{"line":154,"column":26}},"91":{"start":{"line":157,"column":6},"end":{"line":157,"column":38}},"92":{"start":{"line":159,"column":6},"end":{"line":159,"column":24}},"93":{"start":{"line":160,"column":6},"end":{"line":160,"column":49}},"94":{"start":{"line":161,"column":6},"end":{"line":168,"column":9}},"95":{"start":{"line":162,"column":8},"end":{"line":162,"column":21}},"96":{"start":{"line":163,"column":8},"end":{"line":167,"column":11}},"97":{"start":{"line":164,"column":10},"end":{"line":164,"column":53}},"98":{"start":{"line":165,"column":10},"end":{"line":165,"column":55}},"99":{"start":{"line":166,"column":10},"end":{"line":166,"column":17}},"100":{"start":{"line":170,"column":6},"end":{"line":173,"column":9}},"101":{"start":{"line":171,"column":8},"end":{"line":171,"column":34}},"102":{"start":{"line":172,"column":8},"end":{"line":172,"column":18}},"103":{"start":{"line":176,"column":4},"end":{"line":188,"column":7}},"104":{"start":{"line":177,"column":6},"end":{"line":177,"column":35}},"105":{"start":{"line":178,"column":6},"end":{"line":178,"column":52}},"106":{"start":{"line":180,"column":6},"end":{"line":180,"column":49}},"107":{"start":{"line":181,"column":6},"end":{"line":187,"column":9}},"108":{"start":{"line":182,"column":8},"end":{"line":182,"column":36}},"109":{"start":{"line":183,"column":8},"end":{"line":186,"column":11}},"110":{"start":{"line":184,"column":10},"end":{"line":184,"column":54}},"111":{"start":{"line":185,"column":10},"end":{"line":185,"column":17}},"112":{"start":{"line":190,"column":4},"end":{"line":200,"column":7}},"113":{"start":{"line":191,"column":6},"end":{"line":191,"column":30}},"114":{"start":{"line":192,"column":6},"end":{"line":192,"column":49}},"115":{"start":{"line":193,"column":6},"end":{"line":199,"column":9}},"116":{"start":{"line":194,"column":8},"end":{"line":194,"column":38}},"117":{"start":{"line":195,"column":8},"end":{"line":198,"column":11}},"118":{"start":{"line":196,"column":10},"end":{"line":196,"column":55}},"119":{"start":{"line":197,"column":10},"end":{"line":197,"column":17}}},"branchMap":{}},"/Users/nandanrao/Documents/Relink/rc-p90/lib/actor.js":{"path":"/Users/nandanrao/Documents/Relink/rc-p90/lib/actor.js","s":{"1":1,"2":1,"3":1,"4":1,"5":1,"6":1,"7":1,"8":1,"9":1,"10":1,"11":0,"12":0,"13":0,"14":0,"15":0,"16":0,"17":1,"18":0,"19":0,"20":0,"21":0,"22":0,"23":0,"24":0,"25":0,"26":0,"27":0,"28":0,"29":0,"30":0,"31":0,"32":0,"33":1,"34":0,"35":0,"36":0,"37":0,"38":0,"39":0,"40":0,"41":0,"42":0,"43":0,"44":0,"45":1,"46":0,"47":0,"48":1},"b":{"1":[0,0],"2":[0,0],"3":[0,0],"4":[0,0],"5":[0,0]},"f":{"1":0,"2":0,"3":0,"4":0,"5":0},"fnMap":{"1":{"name":"_write","line":17,"loc":{"start":{"line":17,"column":15},"end":{"line":17,"column":46}}},"2":{"name":"_consume","line":29,"loc":{"start":{"line":29,"column":17},"end":{"line":29,"column":79}}},"3":{"name":"callCreateOptions","line":38,"loc":{"start":{"line":38,"column":9},"end":{"line":38,"column":39}}},"4":{"name":"startActor","line":59,"loc":{"start":{"line":59,"column":14},"end":{"line":59,"column":71}}},"5":{"name":"_emitAndCleanup","line":86,"loc":{"start":{"line":86,"column":0},"end":{"line":86,"column":35}}}},"statementMap":{"1":{"start":{"line":2,"column":0},"end":{"line":2,"column":41}},"2":{"start":{"line":3,"column":0},"end":{"line":3,"column":47}},"3":{"start":{"line":4,"column":0},"end":{"line":4,"column":31}},"4":{"start":{"line":5,"column":0},"end":{"line":5,"column":50}},"5":{"start":{"line":6,"column":0},"end":{"line":6,"column":35}},"6":{"start":{"line":7,"column":0},"end":{"line":7,"column":26}},"7":{"start":{"line":8,"column":0},"end":{"line":8,"column":34}},"8":{"start":{"line":10,"column":0},"end":{"line":10,"column":15}},"9":{"start":{"line":12,"column":0},"end":{"line":12,"column":40}},"10":{"start":{"line":17,"column":0},"end":{"line":27,"column":2}},"11":{"start":{"line":18,"column":2},"end":{"line":26,"column":5}},"12":{"start":{"line":19,"column":4},"end":{"line":24,"column":5}},"13":{"start":{"line":20,"column":6},"end":{"line":23,"column":9}},"14":{"start":{"line":21,"column":8},"end":{"line":21,"column":27}},"15":{"start":{"line":22,"column":8},"end":{"line":22,"column":18}},"16":{"start":{"line":25,"column":4},"end":{"line":25,"column":14}},"17":{"start":{"line":29,"column":0},"end":{"line":57,"column":2}},"18":{"start":{"line":30,"column":2},"end":{"line":30,"column":21}},"19":{"start":{"line":32,"column":2},"end":{"line":32,"column":21}},"20":{"start":{"line":33,"column":2},"end":{"line":35,"column":3}},"21":{"start":{"line":34,"column":4},"end":{"line":34,"column":34}},"22":{"start":{"line":37,"column":2},"end":{"line":56,"column":7}},"23":{"start":{"line":39,"column":6},"end":{"line":39,"column":37}},"24":{"start":{"line":40,"column":6},"end":{"line":40,"column":47}},"25":{"start":{"line":41,"column":6},"end":{"line":41,"column":30}},"26":{"start":{"line":44,"column":6},"end":{"line":44,"column":47}},"27":{"start":{"line":45,"column":6},"end":{"line":45,"column":39}},"28":{"start":{"line":47,"column":16},"end":{"line":47,"column":81}},"29":{"start":{"line":51,"column":6},"end":{"line":53,"column":7}},"30":{"start":{"line":52,"column":8},"end":{"line":52,"column":81}},"31":{"start":{"line":54,"column":6},"end":{"line":54,"column":32}},"32":{"start":{"line":55,"column":6},"end":{"line":55,"column":18}},"33":{"start":{"line":59,"column":0},"end":{"line":79,"column":2}},"34":{"start":{"line":61,"column":2},"end":{"line":63,"column":3}},"35":{"start":{"line":62,"column":4},"end":{"line":62,"column":81}},"36":{"start":{"line":65,"column":2},"end":{"line":65,"column":28}},"37":{"start":{"line":67,"column":2},"end":{"line":76,"column":3}},"38":{"start":{"line":68,"column":4},"end":{"line":72,"column":45}},"39":{"start":{"line":70,"column":23},"end":{"line":70,"column":46}},"40":{"start":{"line":71,"column":20},"end":{"line":71,"column":44}},"41":{"start":{"line":72,"column":21},"end":{"line":72,"column":44}},"42":{"start":{"line":75,"column":4},"end":{"line":75,"column":51}},"43":{"start":{"line":75,"column":27},"end":{"line":75,"column":49}},"44":{"start":{"line":78,"column":2},"end":{"line":78,"column":12}},"45":{"start":{"line":86,"column":0},"end":{"line":89,"column":1}},"46":{"start":{"line":87,"column":2},"end":{"line":87,"column":24}},"47":{"start":{"line":88,"column":2},"end":{"line":88,"column":26}},"48":{"start":{"line":91,"column":0},"end":{"line":91,"column":23}}},"branchMap":{"1":{"line":19,"type":"if","locations":[{"start":{"line":19,"column":4},"end":{"line":19,"column":4}},{"start":{"line":19,"column":4},"end":{"line":19,"column":4}}]},"2":{"line":33,"type":"if","locations":[{"start":{"line":33,"column":2},"end":{"line":33,"column":2}},{"start":{"line":33,"column":2},"end":{"line":33,"column":2}}]},"3":{"line":40,"type":"binary-expr","locations":[{"start":{"line":40,"column":22},"end":{"line":40,"column":27}},{"start":{"line":40,"column":31},"end":{"line":40,"column":46}}]},"4":{"line":51,"type":"if","locations":[{"start":{"line":51,"column":6},"end":{"line":51,"column":6}},{"start":{"line":51,"column":6},"end":{"line":51,"column":6}}]},"5":{"line":61,"type":"if","locations":[{"start":{"line":61,"column":2},"end":{"line":61,"column":2}},{"start":{"line":61,"column":2},"end":{"line":61,"column":2}}]}}},"/Users/nandanrao/Documents/Relink/rc-p90/lib/supervisor.spec.js":{"path":"/Users/nandanrao/Documents/Relink/rc-p90/lib/supervisor.spec.js","s":{"1":1,"2":1,"3":1,"4":1,"5":1,"6":1,"7":1,"8":1,"9":1,"10":1,"11":1,"12":0,"13":0,"14":0,"15":0,"16":0,"17":0,"18":0,"19":0,"20":0,"21":0,"22":0,"23":0,"24":0,"25":0,"26":0,"27":0,"28":0,"29":0,"30":0,"31":0,"32":0,"33":0,"34":0,"35":0,"36":0,"37":0,"38":0,"39":0,"40":0,"41":0,"42":0,"43":0,"44":0,"45":0,"46":0,"47":0,"48":0,"49":0,"50":0,"51":0,"52":0,"53":0,"54":0,"55":0,"56":0,"57":0,"58":0,"59":0,"60":0,"61":0,"62":0,"63":0,"64":0,"65":0,"66":0,"67":0,"68":0,"69":0,"70":0,"71":0,"72":0,"73":0,"74":0,"75":0,"76":0,"77":0,"78":0,"79":0,"80":0,"81":0,"82":0,"83":0,"84":0,"85":0,"86":0,"87":0,"88":0,"89":0,"90":0,"91":0,"92":0,"93":0,"94":0,"95":0,"96":0,"97":0},"b":{},"f":{},"fnMap":{},"statementMap":{"1":{"start":{"line":1,"column":0},"end":{"line":1,"column":27}},"2":{"start":{"line":2,"column":0},"end":{"line":2,"column":32}},"3":{"start":{"line":3,"column":0},"end":{"line":3,"column":34}},"4":{"start":{"line":4,"column":0},"end":{"line":4,"column":25}},"5":{"start":{"line":5,"column":0},"end":{"line":5,"column":29}},"6":{"start":{"line":6,"column":0},"end":{"line":6,"column":26}},"7":{"start":{"line":7,"column":0},"end":{"line":7,"column":31}},"8":{"start":{"line":8,"column":0},"end":{"line":8,"column":50}},"9":{"start":{"line":9,"column":0},"end":{"line":9,"column":39}},"10":{"start":{"line":11,"column":0},"end":{"line":13,"column":2}},"11":{"start":{"line":15,"column":0},"end":{"line":17,"column":3}},"12":{"start":{"line":19,"column":0},"end":{"line":161,"column":3}},"13":{"start":{"line":20,"column":2},"end":{"line":20,"column":25}},"14":{"start":{"line":22,"column":2},"end":{"line":46,"column":4}},"15":{"start":{"line":23,"column":4},"end":{"line":23,"column":51}},"16":{"start":{"line":24,"column":4},"end":{"line":24,"column":28}},"17":{"start":{"line":26,"column":4},"end":{"line":26,"column":69}},"18":{"start":{"line":27,"column":4},"end":{"line":27,"column":46}},"19":{"start":{"line":27,"column":34},"end":{"line":27,"column":45}},"20":{"start":{"line":29,"column":4},"end":{"line":29,"column":51}},"21":{"start":{"line":30,"column":4},"end":{"line":30,"column":38}},"22":{"start":{"line":30,"column":24},"end":{"line":30,"column":36}},"23":{"start":{"line":32,"column":4},"end":{"line":32,"column":69}},"24":{"start":{"line":33,"column":4},"end":{"line":33,"column":28}},"25":{"start":{"line":35,"column":4},"end":{"line":35,"column":72}},"26":{"start":{"line":36,"column":4},"end":{"line":36,"column":28}},"27":{"start":{"line":38,"column":4},"end":{"line":38,"column":72}},"28":{"start":{"line":40,"column":4},"end":{"line":43,"column":6}},"29":{"start":{"line":45,"column":4},"end":{"line":45,"column":28}},"30":{"start":{"line":49,"column":2},"end":{"line":84,"column":5}},"31":{"start":{"line":50,"column":4},"end":{"line":50,"column":23}},"32":{"start":{"line":52,"column":4},"end":{"line":55,"column":7}},"33":{"start":{"line":53,"column":6},"end":{"line":53,"column":29}},"34":{"start":{"line":54,"column":6},"end":{"line":54,"column":27}},"35":{"start":{"line":57,"column":4},"end":{"line":78,"column":7}},"36":{"start":{"line":58,"column":6},"end":{"line":58,"column":34}},"37":{"start":{"line":59,"column":6},"end":{"line":59,"column":35}},"38":{"start":{"line":60,"column":6},"end":{"line":60,"column":34}},"39":{"start":{"line":61,"column":6},"end":{"line":61,"column":34}},"40":{"start":{"line":63,"column":6},"end":{"line":63,"column":42}},"41":{"start":{"line":63,"column":36},"end":{"line":63,"column":40}},"42":{"start":{"line":65,"column":6},"end":{"line":74,"column":9}},"43":{"start":{"line":66,"column":8},"end":{"line":66,"column":38}},"44":{"start":{"line":69,"column":8},"end":{"line":73,"column":11}},"45":{"start":{"line":70,"column":10},"end":{"line":70,"column":58}},"46":{"start":{"line":71,"column":10},"end":{"line":71,"column":59}},"47":{"start":{"line":72,"column":10},"end":{"line":72,"column":17}},"48":{"start":{"line":76,"column":6},"end":{"line":76,"column":60}},"49":{"start":{"line":77,"column":6},"end":{"line":77,"column":30}},"50":{"start":{"line":80,"column":4},"end":{"line":83,"column":7}},"51":{"start":{"line":81,"column":6},"end":{"line":81,"column":69}},"52":{"start":{"line":82,"column":6},"end":{"line":82,"column":52}},"53":{"start":{"line":86,"column":2},"end":{"line":160,"column":5}},"54":{"start":{"line":87,"column":4},"end":{"line":89,"column":7}},"55":{"start":{"line":88,"column":6},"end":{"line":88,"column":44}},"56":{"start":{"line":91,"column":4},"end":{"line":103,"column":7}},"57":{"start":{"line":92,"column":6},"end":{"line":92,"column":77}},"58":{"start":{"line":92,"column":70},"end":{"line":92,"column":74}},"59":{"start":{"line":93,"column":6},"end":{"line":93,"column":43}},"60":{"start":{"line":94,"column":6},"end":{"line":94,"column":17}},"61":{"start":{"line":95,"column":6},"end":{"line":95,"column":17}},"62":{"start":{"line":96,"column":6},"end":{"line":102,"column":9}},"63":{"start":{"line":97,"column":8},"end":{"line":97,"column":19}},"64":{"start":{"line":98,"column":8},"end":{"line":101,"column":11}},"65":{"start":{"line":99,"column":10},"end":{"line":99,"column":65}},"66":{"start":{"line":100,"column":10},"end":{"line":100,"column":17}},"67":{"start":{"line":105,"column":4},"end":{"line":144,"column":7}},"68":{"start":{"line":106,"column":6},"end":{"line":106,"column":18}},"69":{"start":{"line":107,"column":6},"end":{"line":107,"column":92}},"70":{"start":{"line":107,"column":71},"end":{"line":107,"column":89}},"71":{"start":{"line":109,"column":6},"end":{"line":109,"column":48}},"72":{"start":{"line":110,"column":6},"end":{"line":110,"column":22}},"73":{"start":{"line":111,"column":6},"end":{"line":111,"column":61}},"74":{"start":{"line":112,"column":6},"end":{"line":112,"column":68}},"75":{"start":{"line":113,"column":6},"end":{"line":113,"column":17}},"76":{"start":{"line":114,"column":6},"end":{"line":114,"column":57}},"77":{"start":{"line":116,"column":6},"end":{"line":143,"column":9}},"78":{"start":{"line":117,"column":8},"end":{"line":117,"column":63}},"79":{"start":{"line":122,"column":8},"end":{"line":122,"column":31}},"80":{"start":{"line":123,"column":8},"end":{"line":123,"column":34}},"81":{"start":{"line":124,"column":8},"end":{"line":124,"column":18}},"82":{"start":{"line":127,"column":8},"end":{"line":127,"column":18}},"83":{"start":{"line":129,"column":8},"end":{"line":142,"column":11}},"84":{"start":{"line":134,"column":10},"end":{"line":134,"column":21}},"85":{"start":{"line":136,"column":10},"end":{"line":140,"column":12}},"86":{"start":{"line":137,"column":12},"end":{"line":137,"column":65}},"87":{"start":{"line":138,"column":12},"end":{"line":138,"column":63}},"88":{"start":{"line":139,"column":12},"end":{"line":139,"column":19}},"89":{"start":{"line":147,"column":4},"end":{"line":159,"column":7}},"90":{"start":{"line":148,"column":6},"end":{"line":148,"column":48}},"91":{"start":{"line":150,"column":6},"end":{"line":155,"column":9}},"92":{"start":{"line":151,"column":8},"end":{"line":151,"column":31}},"93":{"start":{"line":152,"column":8},"end":{"line":152,"column":42}},"94":{"start":{"line":153,"column":8},"end":{"line":153,"column":42}},"95":{"start":{"line":154,"column":8},"end":{"line":154,"column":15}},"96":{"start":{"line":157,"column":6},"end":{"line":157,"column":21}},"97":{"start":{"line":158,"column":6},"end":{"line":158,"column":21}}},"branchMap":{}},"/Users/nandanrao/Documents/Relink/rc-p90/lib/supervisor.js":{"path":"/Users/nandanrao/Documents/Relink/rc-p90/lib/supervisor.js","s":{"1":1,"2":1,"3":1,"4":1,"5":0,"6":0,"7":0,"8":0,"9":0,"10":0,"11":0,"12":0,"13":0,"14":0,"15":0,"16":0,"17":0,"18":0,"19":0,"20":0,"21":0,"22":0,"23":0,"24":0,"25":0,"26":0,"27":1,"28":0,"29":0,"30":0,"31":0,"32":0,"33":0,"34":0,"35":0,"36":0,"37":0,"38":0,"39":1,"40":0,"41":0,"42":0,"43":0,"44":0},"b":{"1":[0,0],"2":[0,0],"3":[0,0],"4":[0,0],"5":[0,0],"6":[0,0],"7":[0,0],"8":[0,0]},"f":{"1":0,"2":0,"3":0,"4":0,"5":0,"6":0,"7":0},"fnMap":{"1":{"name":"_trackErrors","line":13,"loc":{"start":{"line":13,"column":26},"end":{"line":13,"column":60}}},"2":{"name":"startActors","line":32,"loc":{"start":{"line":32,"column":26},"end":{"line":32,"column":82}}},"3":{"name":"handleErrors","line":41,"loc":{"start":{"line":41,"column":17},"end":{"line":41,"column":44}}},"4":{"name":"runProxies","line":61,"loc":{"start":{"line":61,"column":25},"end":{"line":61,"column":69}}},"5":{"name":"endCb","line":65,"loc":{"start":{"line":65,"column":2},"end":{"line":65,"column":20}}},"6":{"name":"startSupervisor","line":89,"loc":{"start":{"line":89,"column":19},"end":{"line":89,"column":68}}},"7":{"name":"handleNewData","line":107,"loc":{"start":{"line":107,"column":2},"end":{"line":107,"column":28}}}},"statementMap":{"1":{"start":{"line":1,"column":0},"end":{"line":1,"column":50}},"2":{"start":{"line":2,"column":0},"end":{"line":2,"column":31}},"3":{"start":{"line":3,"column":0},"end":{"line":3,"column":26}},"4":{"start":{"line":4,"column":0},"end":{"line":4,"column":43}},"5":{"start":{"line":5,"column":0},"end":{"line":5,"column":31}},"6":{"start":{"line":6,"column":0},"end":{"line":6,"column":20}},"7":{"start":{"line":13,"column":0},"end":{"line":27,"column":2}},"8":{"start":{"line":14,"column":2},"end":{"line":14,"column":17}},"9":{"start":{"line":16,"column":2},"end":{"line":18,"column":9}},"10":{"start":{"line":17,"column":4},"end":{"line":17,"column":15}},"11":{"start":{"line":20,"column":2},"end":{"line":24,"column":5}},"12":{"start":{"line":21,"column":4},"end":{"line":23,"column":5}},"13":{"start":{"line":22,"column":6},"end":{"line":22,"column":57}},"14":{"start":{"line":26,"column":2},"end":{"line":26,"column":35}},"15":{"start":{"line":32,"column":0},"end":{"line":55,"column":2}},"16":{"start":{"line":33,"column":2},"end":{"line":35,"column":3}},"17":{"start":{"line":34,"column":4},"end":{"line":34,"column":11}},"18":{"start":{"line":39,"column":2},"end":{"line":51,"column":22}},"19":{"start":{"line":44,"column":6},"end":{"line":44,"column":36}},"20":{"start":{"line":45,"column":6},"end":{"line":45,"column":59}},"21":{"start":{"line":48,"column":6},"end":{"line":48,"column":29}},"22":{"start":{"line":49,"column":6},"end":{"line":49,"column":52}},"23":{"start":{"line":54,"column":2},"end":{"line":54,"column":51}},"24":{"start":{"line":61,"column":0},"end":{"line":72,"column":2}},"25":{"start":{"line":62,"column":2},"end":{"line":62,"column":26}},"26":{"start":{"line":63,"column":2},"end":{"line":63,"column":14}},"27":{"start":{"line":65,"column":2},"end":{"line":67,"column":3}},"28":{"start":{"line":66,"column":4},"end":{"line":66,"column":27}},"29":{"start":{"line":69,"column":2},"end":{"line":69,"column":41}},"30":{"start":{"line":70,"column":2},"end":{"line":70,"column":71}},"31":{"start":{"line":71,"column":2},"end":{"line":71,"column":63}},"32":{"start":{"line":71,"column":43},"end":{"line":71,"column":61}},"33":{"start":{"line":89,"column":0},"end":{"line":118,"column":2}},"34":{"start":{"line":96,"column":2},"end":{"line":96,"column":46}},"35":{"start":{"line":101,"column":2},"end":{"line":101,"column":33}},"36":{"start":{"line":102,"column":2},"end":{"line":102,"column":27}},"37":{"start":{"line":103,"column":2},"end":{"line":103,"column":30}},"38":{"start":{"line":105,"column":2},"end":{"line":105,"column":36}},"39":{"start":{"line":107,"column":2},"end":{"line":115,"column":3}},"40":{"start":{"line":108,"column":4},"end":{"line":110,"column":58}},"41":{"start":{"line":110,"column":17},"end":{"line":110,"column":56}},"42":{"start":{"line":114,"column":4},"end":{"line":114,"column":50}},"43":{"start":{"line":117,"column":2},"end":{"line":117,"column":21}},"44":{"start":{"line":125,"column":0},"end":{"line":125,"column":28}}},"branchMap":{"1":{"line":21,"type":"if","locations":[{"start":{"line":21,"column":4},"end":{"line":21,"column":4}},{"start":{"line":21,"column":4},"end":{"line":21,"column":4}}]},"2":{"line":33,"type":"if","locations":[{"start":{"line":33,"column":2},"end":{"line":33,"column":2}},{"start":{"line":33,"column":2},"end":{"line":33,"column":2}}]},"3":{"line":45,"type":"binary-expr","locations":[{"start":{"line":45,"column":6},"end":{"line":45,"column":21}},{"start":{"line":45,"column":25},"end":{"line":45,"column":58}}]},"4":{"line":66,"type":"binary-expr","locations":[{"start":{"line":66,"column":4},"end":{"line":66,"column":13}},{"start":{"line":66,"column":17},"end":{"line":66,"column":26}}]},"5":{"line":96,"type":"cond-expr","locations":[{"start":{"line":96,"column":27},"end":{"line":96,"column":38}},{"start":{"line":96,"column":41},"end":{"line":96,"column":45}}]},"6":{"line":96,"type":"binary-expr","locations":[{"start":{"line":96,"column":2},"end":{"line":96,"column":5}},{"start":{"line":96,"column":9},"end":{"line":96,"column":24}}]},"7":{"line":102,"type":"binary-expr","locations":[{"start":{"line":102,"column":8},"end":{"line":102,"column":11}},{"start":{"line":102,"column":15},"end":{"line":102,"column":26}}]},"8":{"line":103,"type":"binary-expr","locations":[{"start":{"line":103,"column":9},"end":{"line":103,"column":13}},{"start":{"line":103,"column":17},"end":{"line":103,"column":29}}]}}}}